<?xml version="1.0" encoding="UTF-8"?>
<!-- Generated by org.testng.reporters.JUnitXMLReporter -->
<testsuite hostname="DESKTOP-R49NOBR" ignored="0" name="Default test" tests="3" failures="0" timestamp="08 Jul 2022 06:14:50 GMT" time="0.037" errors="0">
  <testcase name="test" time="0.006" classname="seleniumscript.AlertLearn"/>
  <testcase name="test" time="0.001" classname="seleniumscript.AlertLearn"/>
  <testcase name="test" time="0.003" classname="seleniumscript.AlertLearn"/>
</testsuite> <!-- Default test -->
